GET|19:47:53|localhost:1113/
GET|19:47:53|localhost:1113/favicon.ico
GET|19:48:01|localhost:1113/
GET|19:48:01|localhost:1113/favicon.ico
GET|19:48:40|localhost:1113/
GET|19:48:40|localhost:1113/styles.css
GET|19:48:40|localhost:1113/index.js
GET|19:48:40|localhost:1113/favicon.ico
GET|19:48:44|localhost:1113/styles.css
GET|19:53:19|localhost:1113/
GET|19:53:19|localhost:1113/styles.css
GET|19:53:19|localhost:1113/index.js
GET|19:53:19|localhost:1113/favicon.ico
GET|19:54:23|localhost:1113/
GET|19:54:23|localhost:1113/styles.css
GET|19:54:23|localhost:1113/index.js
GET|19:54:24|localhost:1113/favicon.ico
GET|19:55:06|localhost:1113/
GET|19:55:06|localhost:1113/styles.css
GET|19:55:06|localhost:1113/index.js
GET|19:55:06|localhost:1113/favicon.ico
GET|19:55:26|localhost:1113/
GET|19:55:26|localhost:1113/styles.css
GET|19:55:26|localhost:1113/index.js
GET|19:55:26|localhost:1113/favicon.ico
GET|19:55:35|localhost:1113/
GET|19:55:35|localhost:1113/styles.css
GET|19:55:35|localhost:1113/index.js
GET|19:55:35|localhost:1113/favicon.ico
GET|19:56:49|localhost:1113/
GET|19:56:49|localhost:1113/styles.css
GET|19:56:49|localhost:1113/index.js
GET|19:56:49|localhost:1113/favicon.ico
GET|19:57:23|localhost:1113/
GET|19:57:23|localhost:1113/styles.css
GET|19:57:23|localhost:1113/index.js
GET|19:57:23|localhost:1113/favicon.ico
GET|19:57:42|localhost:1113/
GET|19:57:42|localhost:1113/styles.css
GET|19:57:42|localhost:1113/index.js
GET|19:57:43|localhost:1113/favicon.ico
GET|19:58:13|localhost:1113/
GET|19:58:13|localhost:1113/styles.css
GET|19:58:13|localhost:1113/index.js
GET|19:58:14|localhost:1113/favicon.ico
GET|19:58:40|localhost:1113/
GET|19:58:40|localhost:1113/styles.css
GET|19:58:40|localhost:1113/index.js
GET|19:58:40|localhost:1113/favicon.ico
GET|20:02:01|localhost:1113/
GET|20:02:01|localhost:1113/styles.css
GET|20:02:01|localhost:1113/index.js
GET|20:02:01|localhost:1113/favicon.ico
GET|20:02:13|localhost:1113/
GET|20:02:13|localhost:1113/styles.css
GET|20:02:13|localhost:1113/index.js
GET|20:02:13|localhost:1113/favicon.ico
GET|20:02:31|localhost:1113/
GET|20:02:31|localhost:1113/styles.css
GET|20:02:31|localhost:1113/index.js
GET|20:02:31|localhost:1113/favicon.ico
GET|20:02:44|localhost:1113/
GET|20:02:44|localhost:1113/styles.css
GET|20:02:44|localhost:1113/index.js
GET|20:02:44|localhost:1113/favicon.ico
GET|20:02:56|localhost:1113/
GET|20:02:56|localhost:1113/index.js
GET|20:02:56|localhost:1113/styles.css
GET|20:02:56|localhost:1113/favicon.ico
GET|20:03:11|localhost:1113/
GET|20:03:11|localhost:1113/styles.css
GET|20:03:11|localhost:1113/index.js
GET|20:03:12|localhost:1113/favicon.ico
GET|20:08:23|localhost:1113/
GET|20:08:23|localhost:1113/styles.css
GET|20:08:23|localhost:1113/index.js
GET|20:08:23|localhost:1113/favicon.ico
GET|20:08:26|localhost:1113/
GET|20:08:26|localhost:1113/styles.css
GET|20:08:26|localhost:1113/index.js
GET|20:08:26|localhost:1113/favicon.ico
GET|20:16:34|localhost:1113/
GET|20:16:34|localhost:1113/styles.css
GET|20:16:34|localhost:1113/index.js
GET|20:16:34|localhost:1113/favicon.ico
GET|20:17:11|localhost:1113/
GET|20:17:11|localhost:1113/styles.css
GET|20:17:11|localhost:1113/index.js
GET|20:17:11|localhost:1113/favicon.ico
GET|20:19:23|localhost:1113/
GET|20:19:23|localhost:1113/styles.css
GET|20:19:23|localhost:1113/index.js
GET|20:19:24|localhost:1113/favicon.ico
GET|20:23:08|localhost:1113/
GET|20:23:08|localhost:1113/styles.css
GET|20:23:08|localhost:1113/index.js
GET|20:23:08|localhost:1113/favicon.ico
GET|20:23:23|localhost:1113/
GET|20:23:23|localhost:1113/styles.css
GET|20:23:23|localhost:1113/index.js
GET|20:23:24|localhost:1113/favicon.ico
GET|20:23:29|localhost:1113/
GET|20:23:29|localhost:1113/styles.css
GET|20:23:29|localhost:1113/index.js
GET|20:23:29|localhost:1113/favicon.ico
GET|20:23:44|localhost:1113/
GET|20:23:44|localhost:1113/index.js
GET|20:23:44|localhost:1113/styles.css
GET|20:23:44|localhost:1113/favicon.ico
GET|20:24:23|localhost:1113/
GET|20:24:23|localhost:1113/styles.css
GET|20:24:23|localhost:1113/index.js
GET|20:24:23|localhost:1113/favicon.ico
GET|20:24:28|localhost:1113/america
GET|20:24:28|localhost:1113/styles.css
GET|20:24:28|localhost:1113/index.js
GET|20:24:28|localhost:1113/favicon.ico
GET|20:24:50|localhost:1113/america
GET|20:24:51|localhost:1113/styles.css
GET|20:24:51|localhost:1113/index.js
GET|20:24:51|localhost:1113/favicon.ico
GET|20:25:04|localhost:1113/america
GET|20:25:05|localhost:1113/styles.css
GET|20:25:05|localhost:1113/index.js
GET|20:25:05|localhost:1113/favicon.ico
GET|20:25:49|localhost:1113/america
GET|20:25:49|localhost:1113/styles.css
GET|20:25:49|localhost:1113/index.js
GET|20:25:49|localhost:1113/favicon.ico
GET|20:26:05|localhost:1113/america
GET|20:26:05|localhost:1113/styles.css
GET|20:26:05|localhost:1113/index.js
GET|20:26:05|localhost:1113/favicon.ico
GET|20:26:24|localhost:1113/america
GET|20:26:24|localhost:1113/styles.css
GET|20:26:24|localhost:1113/index.js
GET|20:26:24|localhost:1113/favicon.ico
GET|20:26:47|localhost:1113/america
GET|20:26:47|localhost:1113/styles.css
GET|20:26:47|localhost:1113/index.js
GET|20:26:47|localhost:1113/favicon.ico
GET|20:26:57|localhost:1113/america
GET|20:26:57|localhost:1113/styles.css
GET|20:26:57|localhost:1113/index.js
GET|20:26:57|localhost:1113/favicon.ico
GET|20:32:48|localhost:1113/america
GET|20:32:48|localhost:1113/styles.css
GET|20:32:48|localhost:1113/index.js
GET|20:32:48|localhost:1113/favicon.ico
GET|20:33:21|localhost:1113/america
GET|20:33:21|localhost:1113/styles.css
GET|20:33:21|localhost:1113/index.js
GET|20:33:22|localhost:1113/favicon.ico
GET|20:34:26|localhost:1113/america
GET|20:34:26|localhost:1113/styles.css
GET|20:34:26|localhost:1113/index.js
GET|20:34:26|localhost:1113/favicon.ico
GET|20:36:14|localhost:1113/america
GET|20:36:14|localhost:1113/styles.css
GET|20:36:14|localhost:1113/index.js
GET|20:36:14|localhost:1113/favicon.ico
GET|20:36:38|localhost:1113/america
GET|20:36:38|localhost:1113/styles.css
GET|20:36:38|localhost:1113/index.js
GET|20:36:38|localhost:1113/favicon.ico
GET|20:37:05|localhost:1113/america
GET|20:37:05|localhost:1113/styles.css
GET|20:37:05|localhost:1113/index.js
GET|20:37:05|localhost:1113/favicon.ico
GET|20:37:11|localhost:1113/america
GET|20:37:12|localhost:1113/styles.css
GET|20:37:12|localhost:1113/index.js
GET|20:37:12|localhost:1113/favicon.ico
GET|20:38:44|localhost:1113/america
GET|20:38:44|localhost:1113/styles.css
GET|20:38:44|localhost:1113/index.js
GET|20:38:45|localhost:1113/favicon.ico
GET|20:39:37|localhost:1113/america
GET|20:39:37|localhost:1113/styles.css
GET|20:39:38|localhost:1113/index.js
GET|20:39:38|localhost:1113/favicon.ico
GET|20:40:08|localhost:1113/america
GET|20:40:08|localhost:1113/styles.css
GET|20:40:08|localhost:1113/index.js
GET|20:40:08|localhost:1113/favicon.ico
GET|20:41:28|localhost:1113/america
GET|20:41:28|localhost:1113/styles.css
GET|20:41:28|localhost:1113/index.js
GET|20:41:29|localhost:1113/favicon.ico
GET|20:41:59|localhost:1113/america
GET|20:41:59|localhost:1113/styles.css
GET|20:41:59|localhost:1113/index.js
GET|20:41:59|localhost:1113/favicon.ico
GET|20:43:29|localhost:1113/america
GET|20:43:29|localhost:1113/styles.css
GET|20:43:29|localhost:1113/index.js
GET|20:43:29|localhost:1113/favicon.ico
GET|20:44:15|localhost:1113/america
GET|20:44:15|localhost:1113/styles.css
GET|20:44:15|localhost:1113/index.js
GET|20:44:15|localhost:1113/favicon.ico
GET|20:44:24|localhost:1113/america
GET|20:44:24|localhost:1113/styles.css
GET|20:44:24|localhost:1113/index.js
GET|20:44:25|localhost:1113/favicon.ico
GET|20:44:31|localhost:1113/americas
GET|20:44:31|localhost:1113/styles.css
GET|20:44:31|localhost:1113/index.js
GET|20:44:31|localhost:1113/favicon.ico
GET|20:44:38|localhost:1113/europe
GET|20:44:38|localhost:1113/styles.css
GET|20:44:38|localhost:1113/index.js
GET|20:44:38|localhost:1113/favicon.ico
GET|20:46:02|localhost:1113/europe
GET|20:46:02|localhost:1113/styles.css
GET|20:46:02|localhost:1113/index.js
GET|20:46:02|localhost:1113/favicon.ico
GET|20:46:06|localhost:1113/americas
GET|20:46:06|localhost:1113/styles.css
GET|20:46:06|localhost:1113/index.js
GET|20:46:06|localhost:1113/favicon.ico
GET|20:46:08|localhost:1113/
GET|20:46:08|localhost:1113/styles.css
GET|20:46:08|localhost:1113/index.js
GET|20:46:08|localhost:1113/favicon.ico
GET|20:47:34|localhost:1113/
GET|20:47:34|localhost:1113/styles.css
GET|20:47:34|localhost:1113/index.js
GET|20:47:34|localhost:1113/favicon.ico
GET|20:48:12|localhost:1113/
GET|20:48:12|localhost:1113/styles.css
GET|20:48:12|localhost:1113/index.js
GET|20:48:12|localhost:1113/favicon.ico
GET|20:48:26|localhost:1113/
GET|20:48:26|localhost:1113/styles.css
GET|20:48:26|localhost:1113/index.js
GET|20:48:27|localhost:1113/favicon.ico
GET|20:49:11|localhost:1113/
GET|20:49:11|localhost:1113/styles.css
GET|20:49:11|localhost:1113/index.js
GET|20:49:11|localhost:1113/favicon.ico
GET|20:49:41|localhost:1113/
GET|20:49:42|localhost:1113/index.js
GET|20:49:42|localhost:1113/styles.css
GET|20:49:42|localhost:1113/favicon.ico
GET|20:50:10|localhost:1113/
GET|20:50:10|localhost:1113/styles.css
GET|20:50:10|localhost:1113/index.js
GET|20:50:10|localhost:1113/favicon.ico
GET|20:50:12|localhost:1113/asia
GET|20:50:12|localhost:1113/styles.css
GET|20:50:12|localhost:1113/index.js
GET|20:50:12|localhost:1113/favicon.ico
GET|20:50:41|localhost:1113/asia
GET|20:50:41|localhost:1113/styles.css
GET|20:50:41|localhost:1113/index.js
GET|20:50:41|localhost:1113/favicon.ico
GET|20:50:42|localhost:1113/africa
GET|20:50:42|localhost:1113/styles.css
GET|20:50:42|localhost:1113/index.js
GET|20:50:42|localhost:1113/favicon.ico
GET|20:51:05|localhost:1113/africa
GET|20:51:05|localhost:1113/styles.css
GET|20:51:05|localhost:1113/index.js
GET|20:51:05|localhost:1113/favicon.ico
GET|20:51:08|localhost:1113/oceania
GET|20:51:08|localhost:1113/styles.css
GET|20:51:08|localhost:1113/index.js
GET|20:51:08|localhost:1113/favicon.ico
GET|20:51:57|localhost:1113/oceania
GET|20:51:57|localhost:1113/styles.css
GET|20:51:57|localhost:1113/index.js
GET|20:51:57|localhost:1113/favicon.ico
GET|20:51:58|localhost:1113/asia
GET|20:51:58|localhost:1113/styles.css
GET|20:51:58|localhost:1113/index.js
GET|20:51:58|localhost:1113/favicon.ico
GET|20:52:00|localhost:1113/europe
GET|20:52:00|localhost:1113/styles.css
GET|20:52:00|localhost:1113/index.js
GET|20:52:00|localhost:1113/favicon.ico
GET|20:52:01|localhost:1113/africa
GET|20:52:01|localhost:1113/styles.css
GET|20:52:01|localhost:1113/index.js
GET|20:52:01|localhost:1113/favicon.ico
GET|20:52:03|localhost:1113/americas
GET|20:52:03|localhost:1113/styles.css
GET|20:52:03|localhost:1113/index.js
GET|20:52:03|localhost:1113/favicon.ico
GET|20:52:06|localhost:1113/africa
GET|20:52:06|localhost:1113/styles.css
GET|20:52:06|localhost:1113/index.js
GET|20:52:06|localhost:1113/favicon.ico
