
GET|21:19:21|localhost:2221/cursos
GET|21:19:21|localhost:2221/style.css
GET|21:19:21|localhost:2221/index.js
GET|21:19:24|localhost:2221/empleo
GET|21:19:24|localhost:2221/style.css
GET|21:19:24|localhost:2221/index.js
GET|21:19:26|localhost:2221/alumnos
GET|21:19:26|localhost:2221/style.css
GET|21:19:26|localhost:2221/index.js
GET|21:19:28|localhost:2221/empresas
GET|21:19:28|localhost:2221/style.css
GET|21:19:28|localhost:2221/index.js
GET|21:19:31|localhost:2221/cursos
GET|21:19:31|localhost:2221/style.css
GET|21:19:31|localhost:2221/index.js
GET|21:19:32|localhost:2221/empleo
GET|21:19:32|localhost:2221/style.css
GET|21:19:32|localhost:2221/index.js
GET|21:19:33|localhost:2221/alumnos
GET|21:19:33|localhost:2221/style.css
GET|21:19:33|localhost:2221/index.js
GET|21:19:33|localhost:2221/empresas
GET|21:19:33|localhost:2221/style.css
GET|21:19:33|localhost:2221/index.js
GET|21:19:35|localhost:2221/cursos
GET|21:19:35|localhost:2221/style.css
GET|21:19:35|localhost:2221/index.js
GET|21:20:14|localhost:2221/cursos
GET|21:20:14|localhost:2221/style.css
GET|21:20:14|localhost:2221/index.js
GET|21:20:16|localhost:2221/cursos
GET|21:20:16|localhost:2221/style.css
GET|21:20:16|localhost:2221/index.js
GET|21:20:17|localhost:2221/
GET|21:20:17|localhost:2221/style.css
GET|21:20:17|localhost:2221/index.js
GET|21:20:19|localhost:2221/cursos
GET|21:20:19|localhost:2221/style.css
GET|21:20:19|localhost:2221/index.js
GET|21:21:05|localhost:2221/cursos
GET|21:21:05|localhost:2221/style.css
GET|21:21:05|localhost:2221/index.js
GET|21:22:28|localhost:2221/cursos
GET|21:22:28|localhost:2221/style.css
GET|21:22:28|localhost:2221/index.js
GET|21:23:37|localhost:2221/cursos
GET|21:23:37|localhost:2221/style.css
GET|21:23:37|localhost:2221/index.js
GET|21:23:44|localhost:2221/cursos
GET|21:23:44|localhost:2221/style.css
GET|21:23:44|localhost:2221/index.js
GET|21:23:49|localhost:2221/empleo
GET|21:23:49|localhost:2221/style.css
GET|21:23:49|localhost:2221/index.js
GET|21:23:51|localhost:2221/alumnos
GET|21:23:51|localhost:2221/style.css
GET|21:23:51|localhost:2221/index.js
GET|21:24:33|localhost:2221/alumnos/sdfasda
GET|21:24:33|localhost:2221/style.css
GET|21:24:33|localhost:2221/index.js
GET|21:25:09|localhost:2221/empleo
GET|21:25:09|localhost:2221/style.css
GET|21:25:09|localhost:2221/index.js
GET|21:25:09|localhost:2221/alumnos
GET|21:25:09|localhost:2221/style.css
GET|21:25:09|localhost:2221/index.js
GET|21:25:10|localhost:2221/empresas
GET|21:25:10|localhost:2221/style.css
GET|21:25:10|localhost:2221/index.js
GET|21:25:11|localhost:2221/cursos
GET|21:25:11|localhost:2221/style.css
GET|21:25:11|localhost:2221/index.js
GET|21:32:00|localhost:2221/
GET|21:32:00|localhost:2221/style.css
GET|21:32:00|localhost:2221/index.js
GET|19:52:05|localhost:2221/
GET|19:52:07|localhost:2221/style.css
GET|19:52:08|localhost:2221/index.js
GET|19:52:08|localhost:2221/favicon.ico
GET|19:52:13|localhost:2221/empleo
GET|19:52:13|localhost:2221/style.css
GET|19:52:13|localhost:2221/index.js
GET|19:52:13|localhost:2221/favicon.ico
GET|19:52:14|localhost:2221/alumnos
GET|19:52:14|localhost:2221/style.css
GET|19:52:14|localhost:2221/index.js
GET|19:52:14|localhost:2221/favicon.ico
GET|19:52:15|localhost:2221/empresas
GET|19:52:15|localhost:2221/style.css
GET|19:52:15|localhost:2221/index.js
GET|19:52:15|localhost:2221/favicon.ico