
GET|20:38:12|localhost:1111/
GET|20:38:12|localhost:1111/styles.css
GET|20:38:12|localhost:1111/favicon.ico
GET|20:38:26|localhost:1111/styles.css
GET|20:38:29|localhost:1111/
GET|20:38:29|localhost:1111/styles.css
GET|20:38:29|localhost:1111/favicon.ico
GET|20:39:48|localhost:1111/
GET|20:39:48|localhost:1111/styles.css
GET|20:39:48|localhost:1111/favicon.ico
GET|20:40:08|localhost:1111/
GET|20:40:08|localhost:1111/styles.css
GET|20:40:08|localhost:1111/favicon.ico
GET|20:40:22|localhost:1111/
GET|20:40:22|localhost:1111/styles.css
GET|20:40:22|localhost:1111/favicon.ico
GET|20:40:34|localhost:1111/
GET|20:40:34|localhost:1111/styles.css
GET|20:40:34|localhost:1111/favicon.ico
GET|20:40:55|localhost:1111/
GET|20:40:56|localhost:1111/styles.css
GET|20:40:56|localhost:1111/favicon.ico
GET|20:41:11|localhost:1111/
GET|20:41:11|localhost:1111/styles.css
GET|20:41:12|localhost:1111/favicon.ico
GET|20:41:24|localhost:1111/
GET|20:41:24|localhost:1111/styles.css
GET|20:41:24|localhost:1111/favicon.ico
GET|20:41:27|localhost:1111/futbol.html
GET|20:41:27|localhost:1111/styles.css
GET|20:41:27|localhost:1111/favicon.ico
GET|20:41:29|localhost:1111/baloncesto.html
GET|20:41:29|localhost:1111/styles.css
GET|20:41:29|localhost:1111/favicon.ico
GET|20:41:31|localhost:1111/Polideportivo.html
GET|20:41:31|localhost:1111/styles.css
GET|20:41:31|localhost:1111/favicon.ico
GET|20:41:32|localhost:1111/Coches.html
GET|20:41:32|localhost:1111/styles.css
GET|20:41:32|localhost:1111/favicon.ico
GET|20:41:34|localhost:1111/M%C3%A1s.html
GET|20:41:34|localhost:1111/styles.css
GET|20:41:34|localhost:1111/favicon.ico
GET|20:41:44|localhost:1111/M%C3%A1s.html
GET|20:41:44|localhost:1111/styles.css
GET|20:41:44|localhost:1111/favicon.ico
GET|20:41:46|localhost:1111/futbol.html
GET|20:41:46|localhost:1111/styles.css
GET|20:41:46|localhost:1111/favicon.ico
GET|20:41:47|localhost:1111/baloncesto.html
GET|20:41:47|localhost:1111/styles.css
GET|20:41:47|localhost:1111/favicon.ico
GET|20:41:48|localhost:1111/polideportivo.html
GET|20:41:48|localhost:1111/styles.css
GET|20:41:48|localhost:1111/favicon.ico
GET|20:41:49|localhost:1111/coches.html
GET|20:41:49|localhost:1111/styles.css
GET|20:41:49|localhost:1111/favicon.ico
GET|20:41:49|localhost:1111/mas.html
GET|20:41:49|localhost:1111/styles.css
GET|20:41:49|localhost:1111/favicon.ico
GET|20:41:58|localhost:1111/index.html
GET|20:41:58|localhost:1111/styles.css
GET|20:41:58|localhost:1111/favicon.ico
GET|20:42:08|localhost:1111/index.html
GET|20:42:08|localhost:1111/styles.css
GET|20:42:08|localhost:1111/favicon.ico
GET|20:42:11|localhost:1111/
GET|20:42:11|localhost:1111/styles.css
GET|20:42:11|localhost:1111/favicon.ico
GET|20:42:13|localhost:1111/
GET|20:42:13|localhost:1111/styles.css
GET|20:42:13|localhost:1111/favicon.ico
GET|20:42:17|localhost:1111/polideportivo.html
GET|20:42:17|localhost:1111/styles.css
GET|20:42:17|localhost:1111/favicon.ico
GET|20:42:18|localhost:1111/
GET|20:42:18|localhost:1111/styles.css
GET|20:42:18|localhost:1111/favicon.ico
GET|20:49:55|localhost:1111/
GET|20:49:55|localhost:1111/styles.css
GET|20:49:55|localhost:1111/favicon.ico
GET|20:50:48|localhost:1111/
GET|20:50:48|localhost:1111/styles.css
GET|20:50:48|localhost:1111/favicon.ico
GET|20:50:55|localhost:1111/baloncesto.html
GET|20:50:55|localhost:1111/styles.css
GET|20:50:55|localhost:1111/favicon.ico
GET|20:57:21|localhost:1111/baloncesto.html
GET|20:57:21|localhost:1111/styles.css
GET|20:57:21|localhost:1111/favicon.ico
GET|20:58:39|localhost:1111/baloncesto.html
GET|20:58:39|localhost:1111/styles.css
GET|20:58:39|localhost:1111/favicon.ico
GET|21:01:24|localhost:1111/baloncesto.html
GET|21:02:15|localhost:1111/baloncesto.html
GET|21:02:15|localhost:1111/styles.css
GET|21:02:15|localhost:1111/favicon.ico
GET|21:05:12|localhost:1111/baloncesto.html
GET|21:05:12|localhost:1111/styles.css
GET|21:05:12|localhost:1111/favicon.ico
GET|21:05:14|localhost:1111/
GET|21:05:14|localhost:1111/styles.css
GET|21:05:14|localhost:1111/favicon.ico
GET|21:05:15|localhost:1111/futbol.html
GET|21:05:15|localhost:1111/styles.css
GET|21:05:15|localhost:1111/favicon.ico
GET|21:05:16|localhost:1111/baloncesto.html
GET|21:05:16|localhost:1111/styles.css
GET|21:05:16|localhost:1111/favicon.ico
GET|21:05:32|localhost:1111/baloncesto.html
GET|21:05:32|localhost:1111/styles.css
GET|21:05:32|localhost:1111/favicon.ico
GET|21:06:10|localhost:1111/futbol.html
GET|21:06:10|localhost:1111/styles.css
GET|21:06:10|localhost:1111/favicon.ico
GET|21:06:12|localhost:1111/baloncesto.html
GET|21:06:12|localhost:1111/styles.css
GET|21:06:12|localhost:1111/favicon.ico
GET|21:06:13|localhost:1111/
GET|21:06:14|localhost:1111/styles.css
GET|21:06:14|localhost:1111/favicon.ico
GET|21:06:15|localhost:1111/polideportivo.html
GET|21:06:15|localhost:1111/styles.css
GET|21:06:15|localhost:1111/favicon.ico
GET|21:07:26|localhost:1111/polideportivo.html
GET|21:07:26|localhost:1111/styles.css
GET|21:07:26|localhost:1111/favicon.ico
GET|21:08:15|localhost:1111/polideportivo.html
GET|21:08:15|localhost:1111/styles.css
GET|21:08:15|localhost:1111/favicon.ico
GET|21:08:18|localhost:1111/coches.html
GET|21:08:18|localhost:1111/styles.css
GET|21:08:18|localhost:1111/favicon.ico
GET|21:08:21|localhost:1111/mas.html
GET|21:08:21|localhost:1111/styles.css
GET|21:08:21|localhost:1111/favicon.ico
GET|21:08:54|localhost:1111/mas.html
GET|21:08:54|localhost:1111/styles.css
GET|21:08:54|localhost:1111/favicon.ico
GET|21:08:55|localhost:1111/coches.html
GET|21:08:55|localhost:1111/styles.css
GET|21:08:55|localhost:1111/favicon.ico
GET|21:08:56|localhost:1111/polideportivo.html
GET|21:08:56|localhost:1111/styles.css
GET|21:08:56|localhost:1111/favicon.ico
GET|21:08:57|localhost:1111/baloncesto.html
GET|21:08:57|localhost:1111/styles.css
GET|21:08:57|localhost:1111/favicon.ico
GET|21:08:57|localhost:1111/futbol.html
GET|21:08:57|localhost:1111/styles.css
GET|21:08:57|localhost:1111/favicon.ico